# JRE version: OpenJDK Runtime Environment Corretto-11.0.25.9.1 (11.0.25+9) (build 11.0.25+9-LTS)
# Java VM: OpenJDK 64-Bit Server VM Corretto-11.0.25.9.1 (11.0.25+9-LTS, mixed mode, tiered, compressed oops, g1 gc, windows-amd64)
Heap:
 garbage-first heap   total 120832K, used 34368K [0x00000000e0000000, 0x0000000100000000)
  region size 1024K, 10 young (10240K), 3 survivors (3072K)
 Metaspace       used 35537K, capacity 36485K, committed 36600K, reserved 1081344K
  class space    used 4186K, capacity 4571K, committed 4608K, reserved 1048576K
GC Heap History (14 events):
Event: 0.517 GC heap before
{Heap before GC invocations=0 (full 0):
 garbage-first heap   total 120832K, used 26624K [0x00000000e0000000, 0x0000000100000000)
  region size 1024K, 24 young (24576K), 0 survivors (0K)
 Metaspace       used 11565K, capacity 11851K, committed 12032K, reserved 1060864K
  class space    used 1160K, capacity 1278K, committed 1280K, reserved 1048576K
}
Event: 0.525 GC heap after
{Heap after GC invocations=1 (full 0):
 garbage-first heap   total 120832K, used 14728K [0x00000000e0000000, 0x0000000100000000)
  region size 1024K, 3 young (3072K), 3 survivors (3072K)
 Metaspace       used 11565K, capacity 11851K, committed 12032K, reserved 1060864K
  class space    used 1160K, capacity 1278K, committed 1280K, reserved 1048576K
}
Event: 0.795 GC heap before
{Heap before GC invocations=1 (full 0):
 garbage-first heap   total 120832K, used 27016K [0x00000000e0000000, 0x0000000100000000)
  region size 1024K, 15 young (15360K), 3 survivors (3072K)
 Metaspace       used 13642K, capacity 13926K, committed 14080K, reserved 1062912K
  class space    used 1449K, capacity 1524K, committed 1536K, reserved 1048576K
}
Event: 0.798 GC heap after
{Heap after GC invocations=2 (full 0):
 garbage-first heap   total 120832K, used 15357K [0x00000000e0000000, 0x0000000100000000)
  region size 1024K, 1 young (1024K), 1 survivors (1024K)
 Metaspace       used 13642K, capacity 13926K, committed 14080K, reserved 1062912K
  class space    used 1449K, capacity 1524K, committed 1536K, reserved 1048576K
}
Event: 1.140 GC heap before
{Heap before GC invocations=2 (full 0):
 garbage-first heap   total 120832K, used 53245K [0x00000000e0000000, 0x0000000100000000)
  region size 1024K, 38 young (38912K), 1 survivors (1024K)
 Metaspace       used 17393K, capacity 18000K, committed 18048K, reserved 1064960K
  class space    used 1969K, capacity 2174K, committed 2176K, reserved 1048576K
}
Event: 1.142 GC heap after
{Heap after GC invocations=3 (full 0):
 garbage-first heap   total 120832K, used 16262K [0x00000000e0000000, 0x0000000100000000)
  region size 1024K, 2 young (2048K), 2 survivors (2048K)
 Metaspace       used 17393K, capacity 18000K, committed 18048K, reserved 1064960K
  class space    used 1969K, capacity 2174K, committed 2176K, reserved 1048576K
}
Event: 1.395 GC heap before
{Heap before GC invocations=3 (full 0):
 garbage-first heap   total 120832K, used 50054K [0x00000000e0000000, 0x0000000100000000)
  region size 1024K, 36 young (36864K), 2 survivors (2048K)
 Metaspace       used 20517K, capacity 21121K, committed 21248K, reserved 1069056K
  class space    used 2344K, capacity 2555K, committed 2560K, reserved 1048576K
}
Event: 1.397 GC heap after
{Heap after GC invocations=4 (full 0):
 garbage-first heap   total 120832K, used 16809K [0x00000000e0000000, 0x0000000100000000)
  region size 1024K, 2 young (2048K), 2 survivors (2048K)
 Metaspace       used 20517K, capacity 21121K, committed 21248K, reserved 1069056K
  class space    used 2344K, capacity 2555K, committed 2560K, reserved 1048576K
}
Event: 1.864 GC heap before
{Heap before GC invocations=5 (full 0):
 garbage-first heap   total 120832K, used 65961K [0x00000000e0000000, 0x0000000100000000)
  region size 1024K, 50 young (51200K), 2 survivors (2048K)
 Metaspace       used 26212K, capacity 26942K, committed 27136K, reserved 1073152K
  class space    used 3042K, capacity 3318K, committed 3328K, reserved 1048576K
}
Event: 1.869 GC heap after
{Heap after GC invocations=6 (full 0):
 garbage-first heap   total 120832K, used 18787K [0x00000000e0000000, 0x0000000100000000)
  region size 1024K, 4 young (4096K), 4 survivors (4096K)
 Metaspace       used 26212K, capacity 26942K, committed 27136K, reserved 1073152K
  class space    used 3042K, capacity 3318K, committed 3328K, reserved 1048576K
}
Event: 2.279 GC heap before
{Heap before GC invocations=6 (full 0):
 garbage-first heap   total 120832K, used 73059K [0x00000000e0000000, 0x0000000100000000)
  region size 1024K, 57 young (58368K), 4 survivors (4096K)
 Metaspace       used 30506K, capacity 31354K, committed 31488K, reserved 1077248K
  class space    used 3524K, capacity 3833K, committed 3840K, reserved 1048576K
}
Event: 2.288 GC heap after
{Heap after GC invocations=7 (full 0):
 garbage-first heap   total 120832K, used 25323K [0x00000000e0000000, 0x0000000100000000)
  region size 1024K, 8 young (8192K), 8 survivors (8192K)
 Metaspace       used 30506K, capacity 31354K, committed 31488K, reserved 1077248K
  class space    used 3524K, capacity 3833K, committed 3840K, reserved 1048576K
}
Event: 2.556 GC heap before
{Heap before GC invocations=7 (full 0):
 garbage-first heap   total 120832K, used 61163K [0x00000000e0000000, 0x0000000100000000)
  region size 1024K, 44 young (45056K), 8 survivors (8192K)
 Metaspace       used 34609K, capacity 35463K, committed 35584K, reserved 1081344K
  class space    used 4025K, capacity 4331K, committed 4352K, reserved 1048576K
}
Event: 2.567 GC heap after
{Heap after GC invocations=8 (full 0):
 garbage-first heap   total 120832K, used 28224K [0x00000000e0000000, 0x0000000100000000)
  region size 1024K, 3 young (3072K), 3 survivors (3072K)
 Metaspace       used 34609K, capacity 35463K, committed 35584K, reserved 1081344K
  class space    used 4025K, capacity 4331K, committed 4352K, reserved 1048576K
}

