# JRE version: OpenJDK Runtime Environment Corretto-11.0.25.9.1 (11.0.25+9) (build 11.0.25+9-LTS)
# Java VM: OpenJDK 64-Bit Server VM Corretto-11.0.25.9.1 (11.0.25+9-LTS, mixed mode, tiered, compressed oops, g1 gc, windows-amd64)
Heap:
 garbage-first heap   total 120832K, used 45286K [0x00000000e0000000, 0x0000000100000000)
  region size 1024K, 17 young (17408K), 4 survivors (4096K)
 Metaspace       used 42450K, capacity 43618K, committed 43768K, reserved 1087488K
  class space    used 5045K, capacity 5510K, committed 5632K, reserved 1048576K
GC Heap History (16 events):
Event: 0.511 GC heap before
{Heap before GC invocations=0 (full 0):
 garbage-first heap   total 120832K, used 26624K [0x00000000e0000000, 0x0000000100000000)
  region size 1024K, 24 young (24576K), 0 survivors (0K)
 Metaspace       used 11575K, capacity 11851K, committed 12032K, reserved 1060864K
  class space    used 1161K, capacity 1278K, committed 1280K, reserved 1048576K
}
Event: 0.520 GC heap after
{Heap after GC invocations=1 (full 0):
 garbage-first heap   total 120832K, used 14948K [0x00000000e0000000, 0x0000000100000000)
  region size 1024K, 3 young (3072K), 3 survivors (3072K)
 Metaspace       used 11575K, capacity 11851K, committed 12032K, reserved 1060864K
  class space    used 1161K, capacity 1278K, committed 1280K, reserved 1048576K
}
Event: 0.834 GC heap before
{Heap before GC invocations=1 (full 0):
 garbage-first heap   total 120832K, used 31332K [0x00000000e0000000, 0x0000000100000000)
  region size 1024K, 19 young (19456K), 3 survivors (3072K)
 Metaspace       used 14146K, capacity 14478K, committed 14720K, reserved 1062912K
  class space    used 1528K, capacity 1648K, committed 1664K, reserved 1048576K
}
Event: 0.836 GC heap after
{Heap after GC invocations=2 (full 0):
 garbage-first heap   total 120832K, used 15638K [0x00000000e0000000, 0x0000000100000000)
  region size 1024K, 1 young (1024K), 1 survivors (1024K)
 Metaspace       used 14146K, capacity 14478K, committed 14720K, reserved 1062912K
  class space    used 1528K, capacity 1648K, committed 1664K, reserved 1048576K
}
Event: 1.126 GC heap before
{Heap before GC invocations=2 (full 0):
 garbage-first heap   total 120832K, used 53526K [0x00000000e0000000, 0x0000000100000000)
  region size 1024K, 38 young (38912K), 1 survivors (1024K)
 Metaspace       used 17712K, capacity 18288K, committed 18432K, reserved 1064960K
  class space    used 2006K, capacity 2206K, committed 2304K, reserved 1048576K
}
Event: 1.129 GC heap after
{Heap after GC invocations=3 (full 0):
 garbage-first heap   total 120832K, used 16503K [0x00000000e0000000, 0x0000000100000000)
  region size 1024K, 2 young (2048K), 2 survivors (2048K)
 Metaspace       used 17712K, capacity 18288K, committed 18432K, reserved 1064960K
  class space    used 2006K, capacity 2206K, committed 2304K, reserved 1048576K
}
Event: 1.344 GC heap before
{Heap before GC invocations=3 (full 0):
 garbage-first heap   total 120832K, used 47223K [0x00000000e0000000, 0x0000000100000000)
  region size 1024K, 33 young (33792K), 2 survivors (2048K)
 Metaspace       used 20519K, capacity 21121K, committed 21248K, reserved 1069056K
  class space    used 2344K, capacity 2555K, committed 2560K, reserved 1048576K
}
Event: 1.347 GC heap after
{Heap after GC invocations=4 (full 0):
 garbage-first heap   total 120832K, used 16966K [0x00000000e0000000, 0x0000000100000000)
  region size 1024K, 2 young (2048K), 2 survivors (2048K)
 Metaspace       used 20519K, capacity 21121K, committed 21248K, reserved 1069056K
  class space    used 2344K, capacity 2555K, committed 2560K, reserved 1048576K
}
Event: 1.768 GC heap before
{Heap before GC invocations=5 (full 0):
 garbage-first heap   total 120832K, used 65094K [0x00000000e0000000, 0x0000000100000000)
  region size 1024K, 49 young (50176K), 2 survivors (2048K)
 Metaspace       used 26071K, capacity 26807K, committed 26880K, reserved 1073152K
  class space    used 3024K, capacity 3317K, committed 3328K, reserved 1048576K
}
Event: 1.772 GC heap after
{Heap after GC invocations=6 (full 0):
 garbage-first heap   total 120832K, used 18610K [0x00000000e0000000, 0x0000000100000000)
  region size 1024K, 4 young (4096K), 4 survivors (4096K)
 Metaspace       used 26071K, capacity 26807K, committed 26880K, reserved 1073152K
  class space    used 3024K, capacity 3317K, committed 3328K, reserved 1048576K
}
Event: 2.134 GC heap before
{Heap before GC invocations=6 (full 0):
 garbage-first heap   total 120832K, used 72882K [0x00000000e0000000, 0x0000000100000000)
  region size 1024K, 57 young (58368K), 4 survivors (4096K)
 Metaspace       used 30278K, capacity 31130K, committed 31232K, reserved 1077248K
  class space    used 3483K, capacity 3801K, committed 3840K, reserved 1048576K
}
Event: 2.143 GC heap after
{Heap after GC invocations=7 (full 0):
 garbage-first heap   total 120832K, used 25463K [0x00000000e0000000, 0x0000000100000000)
  region size 1024K, 8 young (8192K), 8 survivors (8192K)
 Metaspace       used 30278K, capacity 31130K, committed 31232K, reserved 1077248K
  class space    used 3483K, capacity 3801K, committed 3840K, reserved 1048576K
}
Event: 2.429 GC heap before
{Heap before GC invocations=7 (full 0):
 garbage-first heap   total 120832K, used 64375K [0x00000000e0000000, 0x0000000100000000)
  region size 1024K, 47 young (48128K), 8 survivors (8192K)
 Metaspace       used 34532K, capacity 35335K, committed 35584K, reserved 1081344K
  class space    used 4013K, capacity 4331K, committed 4352K, reserved 1048576K
}
Event: 2.440 GC heap after
{Heap after GC invocations=8 (full 0):
 garbage-first heap   total 120832K, used 28075K [0x00000000e0000000, 0x0000000100000000)
  region size 1024K, 3 young (3072K), 3 survivors (3072K)
 Metaspace       used 34532K, capacity 35335K, committed 35584K, reserved 1081344K
  class space    used 4013K, capacity 4331K, committed 4352K, reserved 1048576K
}
Event: 3.570 GC heap before
{Heap before GC invocations=9 (full 0):
 garbage-first heap   total 120832K, used 82347K [0x00000000e0000000, 0x0000000100000000)
  region size 1024K, 51 young (52224K), 3 survivors (3072K)
 Metaspace       used 38776K, capacity 39831K, committed 39928K, reserved 1083392K
  class space    used 4629K, capacity 5048K, committed 5120K, reserved 1048576K
}
Event: 3.574 GC heap after
{Heap after GC invocations=10 (full 0):
 garbage-first heap   total 120832K, used 34022K [0x00000000e0000000, 0x0000000100000000)
  region size 1024K, 4 young (4096K), 4 survivors (4096K)
 Metaspace       used 38776K, capacity 39831K, committed 39928K, reserved 1083392K
  class space    used 4629K, capacity 5048K, committed 5120K, reserved 1048576K
}

